This is pdfTeX, Version 3.1415926-2.5-1.40.14 (TeX Live 2013) (format=pdflatex 2018.2.15)  30 APR 2018 16:54
entering extended mode
 restricted \write18 enabled.
 %&-line parsing enabled.
**referencecheck.tex
(/home/ssharan31/BibTex/referencecheck.tex
LaTeX2e <2011/06/27>
Babel <v3.8m> and hyphenation patterns for english, dumylang, nohyphenation, uk
rainian, russian, bulgarian, loaded.
(/usr/share/texlive/texmf-dist/tex/latex/base/article.cls
Document Class: article 2007/10/19 v1.4h Standard LaTeX document class
(/usr/share/texlive/texmf-dist/tex/latex/base/size10.clo
File: size10.clo 2007/10/19 v1.4h Standard LaTeX file (size option)
)
\c@part=\count79
\c@section=\count80
\c@subsection=\count81
\c@subsubsection=\count82
\c@paragraph=\count83
\c@subparagraph=\count84
\c@figure=\count85
\c@table=\count86
\abovecaptionskip=\skip41
\belowcaptionskip=\skip42
\bibindent=\dimen102
)
(/home/ssharan31/BibTex/referencecheck.aux)
\openout1 = `referencecheck.aux'.

LaTeX Font Info:    Checking defaults for OML/cmm/m/it on input line 3.
LaTeX Font Info:    ... okay on input line 3.
LaTeX Font Info:    Checking defaults for T1/cmr/m/n on input line 3.
LaTeX Font Info:    ... okay on input line 3.
LaTeX Font Info:    Checking defaults for OT1/cmr/m/n on input line 3.
LaTeX Font Info:    ... okay on input line 3.
LaTeX Font Info:    Checking defaults for OMS/cmsy/m/n on input line 3.
LaTeX Font Info:    ... okay on input line 3.
LaTeX Font Info:    Checking defaults for OMX/cmex/m/n on input line 3.
LaTeX Font Info:    ... okay on input line 3.
LaTeX Font Info:    Checking defaults for U/cmr/m/n on input line 3.
LaTeX Font Info:    ... okay on input line 3.

(/home/ssharan31/BibTex/referencecheck.bbl [1

{/usr/share/texlive/texmf/fonts/map/pdftex/updmap/pdftex.map}] [2] [3]
Missing character: There is no √ in font cmr10!
Missing character: There is no ≠ in font cmr10!
 [4]
LaTeX Font Info:    External font `cmex10' loaded for size
(Font)              <7> on input line 323.
LaTeX Font Info:    External font `cmex10' loaded for size
(Font)              <5> on input line 323.
 [5] [6]
Underfull \hbox (badness 1168) in paragraph at lines 477--481
[]\OT1/cmr/m/n/10 Michael P. Fried-lan-der and Mark Schmidt.  Hy-brid determini
stic-
 []

[7]
Missing character: There is no ‚ in font cmti10!
Missing character: There is no Ä in font cmti10!
Missing character: There is no ¶ in font cmti10!
 [8] [9] [10] [11] [12]
Missing character: There is no ‚ in font cmr10!
Missing character: There is no Ä in font cmr10!
Missing character: There is no ì in font cmr10!
 [13]
Missing character: There is no ‚ in font cmr10!
Missing character: There is no Ä in font cmr10!
Missing character: There is no ì in font cmr10!
Missing character: There is no ‚ in font cmr10!
Missing character: There is no Ä in font cmr10!
Missing character: There is no î in font cmr10!
 [14]
Missing character: There is no ‚ in font cmr10!
Missing character: There is no Ä in font cmr10!
Missing character: There is no ì in font cmr10!
 [15]
Missing character: There is no ‚ in font cmti10!
Missing character: There is no Ä in font cmti10!
Missing character: There is no ¶ in font cmti10!
 [16] [17] [18] [19]
Missing character: There is no ‚ in font cmr10!
Missing character: There is no Ä in font cmr10!
Missing character: There is no ì in font cmr10!
Missing character: There is no ‚ in font cmr10!
Missing character: There is no Ä in font cmr10!
Missing character: There is no ì in font cmr10!
 [20] [21]
[22] [23] [24] [25] [26] [27] [28]
Underfull \hbox (badness 1694) in paragraph at lines 2218--2223
[]\OT1/cmr/m/n/10 Felix Ogheneko-hwo.  \OT1/cmr/m/it/10 Eco-nomic time-lapse se
is-mic ac-qui-si-tion and
 []

[29] [30] [31] [32] [33] [34] [35]
Missing character: There is no ‚ in font cmr10!
Missing character: There is no Ä in font cmr10!
Missing character: There is no ì in font cmr10!
 [36]
Missing character: There is no ‚ in font cmr10!
Missing character: There is no Ä in font cmr10!
Missing character: There is no ì in font cmr10!
 [37]
Missing character: There is no ‚ in font cmr10!
Missing character: There is no Ä in font cmr10!
Missing character: There is no ú in font cmr10!
Missing character: There is no ‚ in font cmr10!
Missing character: There is no Ä in font cmr10!
Missing character: There is no ù in font cmr10!
Missing character: There is no ‚ in font cmr10!
Missing character: There is no Ä in font cmr10!
Missing character: There is no ì in font cmr10!
 [38] [39] [40] [41] [42]
Missing character: There is no ‚ in font cmti10!
Missing character: There is no Ä in font cmti10!
Missing character: There is no ¶ in font cmti10!
 [43])
[44] (/home/ssharan31/BibTex/referencecheck.aux) ) 
Here is how much of TeX's memory you used:
 748 strings out of 494820
 13144 string characters out of 3178049
 54089 words of memory out of 3000000
 4017 multiletter control sequences out of 15000+200000
 4591 words of font info for 17 fonts, out of 3000000 for 9000
 198 hyphenation exceptions out of 8191
 23i,4n,17p,263b,205s stack positions out of 5000i,500n,10000p,200000b,50000s
</usr/share/texlive/texmf-dis
t/fonts/type1/public/amsfonts/cm/cmbx12.pfb></usr/share/texlive/texmf-dist/font
s/type1/public/amsfonts/cm/cmmi10.pfb></usr/share/texlive/texmf-dist/fonts/type
1/public/amsfonts/cm/cmr10.pfb></usr/share/texlive/texmf-dist/fonts/type1/publi
c/amsfonts/cm/cmr7.pfb></usr/share/texlive/texmf-dist/fonts/type1/public/amsfon
ts/cm/cmti10.pfb>
Output written on referencecheck.pdf (44 pages, 171232 bytes).
PDF statistics:
 168 PDF objects out of 1000 (max. 8388607)
 115 compressed objects within 2 object streams
 0 named destinations out of 1000 (max. 500000)
 1 words of extra memory for PDF output out of 10000 (max. 10000000)

